<?xml version="1.0" encoding="UTF-8"?>
<!-- Generated by org.testng.reporters.JUnitReportReporter -->
<testsuite hostname="LAPTOP-EQLN7PL4" name="com.TestCases.PaymentGetWayTest" tests="1" failures="0" timestamp="2 Jan 2022 14:18:23 GMT" time="26.948" errors="0">
  <testcase name="Test" time="26.948" classname="com.TestCases.PaymentGetWayTest"/>
</testsuite> <!-- com.TestCases.PaymentGetWayTest -->
